<?xml version="1.0" encoding="UTF-8"?>
<!-- Generated by org.testng.reporters.JUnitReportReporter -->
<testsuite hostname="Sharad" failures="0" tests="1" name="UnitTestBanking.Banking.TestBankingSystem" time="0.072" errors="0" timestamp="2021-04-23T17:55:02 IST" skipped="0">
  <testcase classname="UnitTestBanking.Banking.TestBankingSystem" name="TestValidAccoutNo" time="0.072"/>
  <system-out/>
</testsuite> <!-- UnitTestBanking.Banking.TestBankingSystem -->
